{"logTime":"0526/132736","correlationVector":"WbPH5bRlc5gkZP87ry7bQS.0","action":"SyncServerConnectionManagerRequest", "result":"SYNC_SERVER_OK", "context":{"environment":"", "server":""}}
{"logTime":"0526/132737","correlationVector":"nk90pnFhGC2iFS1bV/4rVa.1","action":"SyncServerConnectionManagerRequest", "result":"SYNC_SERVER_OK", "context":{"environment":"48F630A6-CB1B-4CC7-86AF-0F6627234B58", "server":"AM3PEPF000009A3"}}
{"logTime":"0526/132737","correlationVector":"E1LktDorNKHjor1NAYTFZb.1","action":"SyncServerConnectionManagerRequest", "result":"SYNC_SERVER_OK", "context":{"environment":"48F630A6-CB1B-4CC7-86AF-0F6627234B58", "server":"AM3PEPF000009A3"}}
{"logTime":"0526/132737","correlationVector":"nk90pnFhGC2iFS1bV/4rVa","action":"Initial GetUpdates", "result":""}
{"logTime":"0526/132737","correlationVector":"nk90pnFhGC2iFS1bV/4rVa.2","action":"GetUpdates Response", "result":"SERVER_MORE_TO_DOWNLOAD"}
{"logTime":"0526/132737","correlationVector":"E1LktDorNKHjor1NAYTFZb","action":"Initial GetUpdates", "result":""}
{"logTime":"0526/132737","correlationVector":"E1LktDorNKHjor1NAYTFZb.2","action":"GetUpdates Response", "result":"SYNCER_OK"}
{"logTime":"0526/132737","correlationVector":"M8K1MNzTeWaZuPKgvZolgF","action":"Initial GetUpdates", "result":""}
{"logTime":"0526/132738","correlationVector":"M8K1MNzTeWaZuPKgvZolgF.1","action":"SyncServerConnectionManagerRequest", "result":"SYNC_SERVER_OK", "context":{"environment":"48F630A6-CB1B-4CC7-86AF-0F6627234B58", "server":"AM3PEPF000009A3"}}
{"logTime":"0526/132738","correlationVector":"M8K1MNzTeWaZuPKgvZolgF.2","action":"GetUpdates Response", "result":"SYNCER_OK"}
{"logTime":"0526/132738","correlationVector":"ZxXmkVYUPBxooheJNOIam/","action":"Initial GetUpdates", "result":""}
{"logTime":"0526/132739","correlationVector":"ZxXmkVYUPBxooheJNOIam/.1","action":"SyncServerConnectionManagerRequest", "result":"SYNC_SERVER_OK", "context":{"environment":"48F630A6-CB1B-4CC7-86AF-0F6627234B58", "server":"AM3PEPF000009A3"}}
{"logTime":"0526/132739","correlationVector":"ZxXmkVYUPBxooheJNOIam/.2","action":"GetUpdates Response", "result":"SERVER_MORE_TO_DOWNLOAD"}
{"logTime":"0526/132739","correlationVector":"mopRObfKoUJMuVrPPaB9R7","action":"Initial GetUpdates", "result":""}
{"logTime":"0526/132739","correlationVector":"mopRObfKoUJMuVrPPaB9R7.1","action":"SyncServerConnectionManagerRequest", "result":"SYNC_SERVER_OK", "context":{"environment":"48F630A6-CB1B-4CC7-86AF-0F6627234B58", "server":"AM3PEPF000009A3"}}
{"logTime":"0526/132739","correlationVector":"mopRObfKoUJMuVrPPaB9R7.2","action":"GetUpdates Response", "result":"SYNCER_OK"}
{"logTime":"0526/132739","correlationVector":"qYD9hnDkiNoRX1xP+h0fX3","action":"Normal GetUpdate request", "result":""}
{"logTime":"0526/132739","correlationVector":"qYD9hnDkiNoRX1xP+h0fX3.1","action":"SyncServerConnectionManagerRequest", "result":"SYNC_SERVER_OK", "context":{"environment":"48F630A6-CB1B-4CC7-86AF-0F6627234B58", "server":"AM3PEPF000009A3"}}
{"logTime":"0526/132739","correlationVector":"qYD9hnDkiNoRX1xP+h0fX3.2","action":"GetUpdates Response", "result":"SYNCER_OK"}
{"logTime":"0526/132739","correlationVector":"GUmccBm+knzRBEILhqtrBf","action":"Commit Request", "result":""}
{"logTime":"0526/132740","correlationVector":"GUmccBm+knzRBEILhqtrBf.1","action":"SyncServerConnectionManagerRequest", "result":"SYNC_SERVER_OK", "context":{"environment":"48F630A6-CB1B-4CC7-86AF-0F6627234B58", "server":"AM3PEPF000009A3"}}
{"logTime":"0526/132740","correlationVector":"GUmccBm+knzRBEILhqtrBf.2","action":"Commit Response", "result":"SYNCER_OK"}
